mode: set
github.com/Dorrrke/g2-books/cmd/g2-books/main.go:18.13,24.12 6 0
github.com/Dorrrke/g2-books/cmd/g2-books/main.go:24.12,29.3 4 0
github.com/Dorrrke/g2-books/cmd/g2-books/main.go:30.2,32.16 3 0
github.com/Dorrrke/g2-books/cmd/g2-books/main.go:32.16,34.3 1 0
github.com/Dorrrke/g2-books/cmd/g2-books/main.go:35.2,35.70 1 0
github.com/Dorrrke/g2-books/cmd/g2-books/main.go:35.70,37.3 1 0
github.com/Dorrrke/g2-books/cmd/g2-books/main.go:39.2,43.24 3 0
github.com/Dorrrke/g2-books/cmd/g2-books/main.go:43.24,46.42 3 0
github.com/Dorrrke/g2-books/cmd/g2-books/main.go:46.42,49.4 2 0
github.com/Dorrrke/g2-books/cmd/g2-books/main.go:50.3,50.13 1 0
github.com/Dorrrke/g2-books/cmd/g2-books/main.go:52.2,52.24 1 0
github.com/Dorrrke/g2-books/cmd/g2-books/main.go:52.24,55.3 2 0
github.com/Dorrrke/g2-books/cmd/g2-books/main.go:56.2,56.24 1 0
github.com/Dorrrke/g2-books/cmd/g2-books/main.go:56.24,61.3 4 0
github.com/Dorrrke/g2-books/cmd/g2-books/main.go:63.2,63.37 1 0
github.com/Dorrrke/g2-books/cmd/g2-books/main.go:63.37,64.43 1 0
github.com/Dorrrke/g2-books/cmd/g2-books/main.go:64.43,66.4 1 0
github.com/Dorrrke/g2-books/cmd/g2-books/main.go:66.9,68.4 1 0
github.com/Dorrrke/g2-books/internal/logger/logger.go:15.40,16.17 1 0
github.com/Dorrrke/g2-books/internal/logger/logger.go:16.17,19.78 3 0
github.com/Dorrrke/g2-books/internal/logger/logger.go:19.78,21.39 2 0
github.com/Dorrrke/g2-books/internal/logger/logger.go:21.39,22.23 1 0
github.com/Dorrrke/g2-books/internal/logger/logger.go:22.23,24.11 2 0
github.com/Dorrrke/g2-books/internal/logger/logger.go:27.4,28.42 2 0
github.com/Dorrrke/g2-books/internal/logger/logger.go:30.3,30.15 1 0
github.com/Dorrrke/g2-books/internal/logger/logger.go:30.15,33.4 1 0
github.com/Dorrrke/g2-books/internal/logger/logger.go:33.9,35.4 1 0
github.com/Dorrrke/g2-books/internal/logger/logger.go:37.2,37.12 1 0
github.com/Dorrrke/g2-books/internal/config/config.go:22.26,36.42 13 1
github.com/Dorrrke/g2-books/internal/config/config.go:36.42,38.3 1 1
github.com/Dorrrke/g2-books/internal/config/config.go:39.2,39.45 1 1
github.com/Dorrrke/g2-books/internal/config/config.go:39.45,41.3 1 1
github.com/Dorrrke/g2-books/internal/config/config.go:42.2,42.63 1 1
github.com/Dorrrke/g2-books/internal/config/config.go:42.63,44.3 1 1
github.com/Dorrrke/g2-books/internal/config/config.go:45.2,50.3 1 1
github.com/Dorrrke/g2-books/moks/mock_storage.go:26.59,30.2 3 0
github.com/Dorrrke/g2-books/moks/mock_storage.go:33.57,35.2 1 0
github.com/Dorrrke/g2-books/moks/mock_storage.go:38.53,43.2 4 0
github.com/Dorrrke/g2-books/moks/mock_storage.go:46.78,49.2 2 0
github.com/Dorrrke/g2-books/moks/mock_storage.go:52.43,57.2 4 0
github.com/Dorrrke/g2-books/moks/mock_storage.go:60.63,63.2 2 0
github.com/Dorrrke/g2-books/moks/mock_storage.go:66.69,72.2 5 0
github.com/Dorrrke/g2-books/moks/mock_storage.go:75.79,78.2 2 0
github.com/Dorrrke/g2-books/moks/mock_storage.go:81.72,87.2 5 0
github.com/Dorrrke/g2-books/moks/mock_storage.go:90.80,93.2 2 0
github.com/Dorrrke/g2-books/moks/mock_storage.go:96.57,102.2 5 0
github.com/Dorrrke/g2-books/moks/mock_storage.go:105.60,108.2 2 0
github.com/Dorrrke/g2-books/moks/mock_storage.go:111.56,116.2 4 0
github.com/Dorrrke/g2-books/moks/mock_storage.go:119.76,122.2 2 0
github.com/Dorrrke/g2-books/moks/mock_storage.go:125.66,131.2 5 0
github.com/Dorrrke/g2-books/moks/mock_storage.go:134.76,137.2 2 0
github.com/Dorrrke/g2-books/moks/mock_storage.go:140.78,147.2 6 0
github.com/Dorrrke/g2-books/moks/mock_storage.go:150.80,153.2 2 0
github.com/Dorrrke/g2-books/internal/storage/memstorage.go:15.24,22.2 3 0
github.com/Dorrrke/g2-books/internal/storage/memstorage.go:24.56,28.2 3 0
github.com/Dorrrke/g2-books/internal/storage/memstorage.go:30.70,31.38 1 0
github.com/Dorrrke/g2-books/internal/storage/memstorage.go:31.38,32.32 1 0
github.com/Dorrrke/g2-books/internal/storage/memstorage.go:32.32,33.31 1 0
github.com/Dorrrke/g2-books/internal/storage/memstorage.go:33.31,35.5 1 0
github.com/Dorrrke/g2-books/internal/storage/memstorage.go:36.4,36.19 1 0
github.com/Dorrrke/g2-books/internal/storage/memstorage.go:39.2,39.28 1 0
github.com/Dorrrke/g2-books/internal/storage/memstorage.go:42.57,44.38 2 0
github.com/Dorrrke/g2-books/internal/storage/memstorage.go:44.38,48.3 3 0
github.com/Dorrrke/g2-books/internal/storage/memstorage.go:49.2,49.21 1 0
github.com/Dorrrke/g2-books/internal/storage/memstorage.go:49.21,51.3 1 0
github.com/Dorrrke/g2-books/internal/storage/memstorage.go:52.2,52.19 1 0
github.com/Dorrrke/g2-books/internal/storage/memstorage.go:55.68,57.34 2 0
github.com/Dorrrke/g2-books/internal/storage/memstorage.go:57.34,59.3 1 0
github.com/Dorrrke/g2-books/internal/storage/memstorage.go:60.2,61.9 2 0
github.com/Dorrrke/g2-books/internal/storage/memstorage.go:61.9,63.3 1 0
github.com/Dorrrke/g2-books/internal/storage/memstorage.go:64.2,64.18 1 0
github.com/Dorrrke/g2-books/internal/storage/memstorage.go:67.56,71.2 3 0
github.com/Dorrrke/g2-books/internal/storage/memstorage.go:73.52,75.9 2 0
github.com/Dorrrke/g2-books/internal/storage/memstorage.go:75.9,77.3 1 0
github.com/Dorrrke/g2-books/internal/storage/memstorage.go:78.2,79.12 2 0
github.com/Dorrrke/g2-books/internal/storage/repostory.go:29.71,31.16 2 0
github.com/Dorrrke/g2-books/internal/storage/repostory.go:31.16,33.3 1 0
github.com/Dorrrke/g2-books/internal/storage/repostory.go:34.2,36.8 1 0
github.com/Dorrrke/g2-books/internal/storage/repostory.go:39.65,45.16 5 0
github.com/Dorrrke/g2-books/internal/storage/repostory.go:45.16,47.3 1 0
github.com/Dorrrke/g2-books/internal/storage/repostory.go:48.2,48.17 1 0
github.com/Dorrrke/g2-books/internal/storage/repostory.go:51.77,57.46 6 0
github.com/Dorrrke/g2-books/internal/storage/repostory.go:57.46,59.3 1 0
github.com/Dorrrke/g2-books/internal/storage/repostory.go:60.2,60.23 1 0
github.com/Dorrrke/g2-books/internal/storage/repostory.go:63.56,67.16 4 0
github.com/Dorrrke/g2-books/internal/storage/repostory.go:67.16,69.3 1 0
github.com/Dorrrke/g2-books/internal/storage/repostory.go:70.2,71.18 2 0
github.com/Dorrrke/g2-books/internal/storage/repostory.go:71.18,73.98 2 0
github.com/Dorrrke/g2-books/internal/storage/repostory.go:73.98,75.4 1 0
github.com/Dorrrke/g2-books/internal/storage/repostory.go:76.3,76.30 1 0
github.com/Dorrrke/g2-books/internal/storage/repostory.go:78.2,78.21 1 0
github.com/Dorrrke/g2-books/internal/storage/repostory.go:78.21,80.3 1 0
github.com/Dorrrke/g2-books/internal/storage/repostory.go:81.2,81.19 1 0
github.com/Dorrrke/g2-books/internal/storage/repostory.go:84.70,88.16 4 0
github.com/Dorrrke/g2-books/internal/storage/repostory.go:88.16,90.3 1 0
github.com/Dorrrke/g2-books/internal/storage/repostory.go:91.2,92.18 2 0
github.com/Dorrrke/g2-books/internal/storage/repostory.go:92.18,94.98 2 0
github.com/Dorrrke/g2-books/internal/storage/repostory.go:94.98,96.4 1 0
github.com/Dorrrke/g2-books/internal/storage/repostory.go:97.3,97.30 1 0
github.com/Dorrrke/g2-books/internal/storage/repostory.go:99.2,99.21 1 0
github.com/Dorrrke/g2-books/internal/storage/repostory.go:99.21,101.3 1 0
github.com/Dorrrke/g2-books/internal/storage/repostory.go:102.2,102.19 1 0
github.com/Dorrrke/g2-books/internal/storage/repostory.go:105.67,110.74 5 0
github.com/Dorrrke/g2-books/internal/storage/repostory.go:110.74,111.36 1 0
github.com/Dorrrke/g2-books/internal/storage/repostory.go:111.36,113.4 1 0
github.com/Dorrrke/g2-books/internal/storage/repostory.go:114.3,114.28 1 0
github.com/Dorrrke/g2-books/internal/storage/repostory.go:116.2,116.17 1 0
github.com/Dorrrke/g2-books/internal/storage/repostory.go:116.17,118.3 1 0
github.com/Dorrrke/g2-books/internal/storage/repostory.go:119.2,119.18 1 0
github.com/Dorrrke/g2-books/internal/storage/repostory.go:122.55,127.16 4 0
github.com/Dorrrke/g2-books/internal/storage/repostory.go:127.16,129.3 1 0
github.com/Dorrrke/g2-books/internal/storage/repostory.go:130.2,130.12 1 0
github.com/Dorrrke/g2-books/internal/storage/repostory.go:133.51,137.16 4 0
github.com/Dorrrke/g2-books/internal/storage/repostory.go:137.16,139.3 1 0
github.com/Dorrrke/g2-books/internal/storage/repostory.go:140.2,142.107 2 0
github.com/Dorrrke/g2-books/internal/storage/repostory.go:142.107,144.3 1 0
github.com/Dorrrke/g2-books/internal/storage/repostory.go:145.2,145.59 1 0
github.com/Dorrrke/g2-books/internal/storage/repostory.go:145.59,147.3 1 0
github.com/Dorrrke/g2-books/internal/storage/repostory.go:148.2,148.23 1 0
github.com/Dorrrke/g2-books/internal/storage/repostory.go:151.42,156.16 5 0
github.com/Dorrrke/g2-books/internal/storage/repostory.go:156.16,159.3 2 0
github.com/Dorrrke/g2-books/internal/storage/repostory.go:160.2,160.12 1 0
github.com/Dorrrke/g2-books/internal/storage/repostory.go:163.53,166.16 3 0
github.com/Dorrrke/g2-books/internal/storage/repostory.go:166.16,168.3 1 0
github.com/Dorrrke/g2-books/internal/storage/repostory.go:169.2,169.30 1 0
github.com/Dorrrke/g2-books/internal/storage/repostory.go:169.30,170.42 1 0
github.com/Dorrrke/g2-books/internal/storage/repostory.go:170.42,173.4 2 0
github.com/Dorrrke/g2-books/internal/storage/repostory.go:174.3,174.13 1 0
github.com/Dorrrke/g2-books/internal/storage/repostory.go:176.2,177.12 2 0
github.com/Dorrrke/g2-books/internal/logger/logger.go:15.40,16.17 1 1
github.com/Dorrrke/g2-books/internal/logger/logger.go:16.17,19.78 3 1
github.com/Dorrrke/g2-books/internal/logger/logger.go:19.78,21.39 2 1
github.com/Dorrrke/g2-books/internal/logger/logger.go:21.39,22.23 1 1
github.com/Dorrrke/g2-books/internal/logger/logger.go:22.23,24.11 2 1
github.com/Dorrrke/g2-books/internal/logger/logger.go:27.4,28.42 2 1
github.com/Dorrrke/g2-books/internal/logger/logger.go:30.3,30.15 1 1
github.com/Dorrrke/g2-books/internal/logger/logger.go:30.15,33.4 1 1
github.com/Dorrrke/g2-books/internal/logger/logger.go:33.9,35.4 1 0
github.com/Dorrrke/g2-books/internal/logger/logger.go:37.2,37.12 1 1
github.com/Dorrrke/g2-books/internal/server/server.go:44.48,56.2 4 1
github.com/Dorrrke/g2-books/internal/server/server.go:58.49,62.2 4 0
github.com/Dorrrke/g2-books/internal/server/server.go:62.2,65.3 2 0
github.com/Dorrrke/g2-books/internal/server/server.go:66.2,67.2 2 0
github.com/Dorrrke/g2-books/internal/server/server.go:67.2,73.3 5 0
github.com/Dorrrke/g2-books/internal/server/server.go:74.2,75.49 2 0
github.com/Dorrrke/g2-books/internal/server/server.go:75.49,77.3 1 0
github.com/Dorrrke/g2-books/internal/server/server.go:78.2,78.12 1 0
github.com/Dorrrke/g2-books/internal/server/server.go:81.52,83.58 2 1
github.com/Dorrrke/g2-books/internal/server/server.go:83.58,86.3 2 1
github.com/Dorrrke/g2-books/internal/server/server.go:87.2,88.16 2 1
github.com/Dorrrke/g2-books/internal/server/server.go:88.16,91.3 2 0
github.com/Dorrrke/g2-books/internal/server/server.go:92.2,94.16 3 1
github.com/Dorrrke/g2-books/internal/server/server.go:94.16,97.3 2 1
github.com/Dorrrke/g2-books/internal/server/server.go:98.2,99.16 2 1
github.com/Dorrrke/g2-books/internal/server/server.go:99.16,102.3 2 0
github.com/Dorrrke/g2-books/internal/server/server.go:103.2,104.45 2 1
github.com/Dorrrke/g2-books/internal/server/server.go:107.48,109.58 2 1
github.com/Dorrrke/g2-books/internal/server/server.go:109.58,112.3 2 1
github.com/Dorrrke/g2-books/internal/server/server.go:113.2,114.16 2 1
github.com/Dorrrke/g2-books/internal/server/server.go:114.16,115.49 1 1
github.com/Dorrrke/g2-books/internal/server/server.go:115.49,118.4 2 1
github.com/Dorrrke/g2-books/internal/server/server.go:119.3,120.9 2 1
github.com/Dorrrke/g2-books/internal/server/server.go:122.2,122.86 1 1
github.com/Dorrrke/g2-books/internal/server/server.go:122.86,125.3 2 1
github.com/Dorrrke/g2-books/internal/server/server.go:126.2,127.16 2 1
github.com/Dorrrke/g2-books/internal/server/server.go:127.16,130.3 2 0
github.com/Dorrrke/g2-books/internal/server/server.go:131.2,132.45 2 1
github.com/Dorrrke/g2-books/internal/server/server.go:135.51,137.16 2 1
github.com/Dorrrke/g2-books/internal/server/server.go:137.16,138.48 1 1
github.com/Dorrrke/g2-books/internal/server/server.go:138.48,141.4 2 1
github.com/Dorrrke/g2-books/internal/server/server.go:142.3,143.9 2 1
github.com/Dorrrke/g2-books/internal/server/server.go:145.2,145.32 1 1
github.com/Dorrrke/g2-books/internal/server/server.go:148.55,152.16 4 0
github.com/Dorrrke/g2-books/internal/server/server.go:152.16,153.46 1 0
github.com/Dorrrke/g2-books/internal/server/server.go:153.46,156.4 2 0
github.com/Dorrrke/g2-books/internal/server/server.go:157.3,158.9 2 0
github.com/Dorrrke/g2-books/internal/server/server.go:160.2,160.31 1 0
github.com/Dorrrke/g2-books/internal/server/server.go:163.48,167.16 4 0
github.com/Dorrrke/g2-books/internal/server/server.go:167.16,171.3 3 0
github.com/Dorrrke/g2-books/internal/server/server.go:172.2,173.16 2 0
github.com/Dorrrke/g2-books/internal/server/server.go:173.16,174.48 1 0
github.com/Dorrrke/g2-books/internal/server/server.go:174.48,177.4 2 0
github.com/Dorrrke/g2-books/internal/server/server.go:178.3,179.9 2 0
github.com/Dorrrke/g2-books/internal/server/server.go:181.2,181.32 1 0
github.com/Dorrrke/g2-books/internal/server/server.go:184.52,186.58 2 0
github.com/Dorrrke/g2-books/internal/server/server.go:186.58,189.3 2 0
github.com/Dorrrke/g2-books/internal/server/server.go:190.2,192.16 3 0
github.com/Dorrrke/g2-books/internal/server/server.go:192.16,195.3 2 0
github.com/Dorrrke/g2-books/internal/server/server.go:196.2,197.49 2 0
github.com/Dorrrke/g2-books/internal/server/server.go:197.49,200.3 2 0
github.com/Dorrrke/g2-books/internal/server/server.go:201.2,201.50 1 0
github.com/Dorrrke/g2-books/internal/server/server.go:204.54,206.50 2 0
github.com/Dorrrke/g2-books/internal/server/server.go:206.50,207.46 1 0
github.com/Dorrrke/g2-books/internal/server/server.go:207.46,210.4 2 0
github.com/Dorrrke/g2-books/internal/server/server.go:211.3,212.9 2 0
github.com/Dorrrke/g2-books/internal/server/server.go:214.2,215.47 2 0
github.com/Dorrrke/g2-books/internal/server/server.go:218.60,222.46 4 0
github.com/Dorrrke/g2-books/internal/server/server.go:222.46,225.3 2 0
github.com/Dorrrke/g2-books/internal/server/server.go:226.2,226.12 1 0
github.com/Dorrrke/g2-books/internal/server/server.go:229.47,232.6 3 1
github.com/Dorrrke/g2-books/internal/server/server.go:232.6,233.10 1 1
github.com/Dorrrke/g2-books/internal/server/server.go:234.21,236.10 2 1
github.com/Dorrrke/g2-books/internal/server/server.go:237.11,238.30 1 1
github.com/Dorrrke/g2-books/internal/server/server.go:238.30,240.28 2 1
github.com/Dorrrke/g2-books/internal/server/server.go:240.28,242.6 1 1
github.com/Dorrrke/g2-books/internal/server/server.go:243.5,243.51 1 1
github.com/Dorrrke/g2-books/internal/server/server.go:243.51,247.6 3 1
github.com/Dorrrke/g2-books/internal/server/server.go:253.44,262.16 4 1
github.com/Dorrrke/g2-books/internal/server/server.go:262.16,264.3 1 0
github.com/Dorrrke/g2-books/internal/server/server.go:265.2,265.22 1 1
github.com/Dorrrke/g2-books/internal/server/server.go:268.46,271.94 2 0
github.com/Dorrrke/g2-books/internal/server/server.go:271.94,273.3 1 0
github.com/Dorrrke/g2-books/internal/server/server.go:274.2,274.16 1 0
github.com/Dorrrke/g2-books/internal/server/server.go:274.16,276.3 1 0
github.com/Dorrrke/g2-books/internal/server/server.go:278.2,278.18 1 0
github.com/Dorrrke/g2-books/internal/server/server.go:278.18,280.3 1 0
github.com/Dorrrke/g2-books/internal/server/server.go:281.2,281.27 1 0
github.com/Dorrrke/g2-books/internal/storage/memstorage.go:15.24,22.2 3 0
github.com/Dorrrke/g2-books/internal/storage/memstorage.go:24.56,28.2 3 0
github.com/Dorrrke/g2-books/internal/storage/memstorage.go:30.70,31.38 1 0
github.com/Dorrrke/g2-books/internal/storage/memstorage.go:31.38,32.32 1 0
github.com/Dorrrke/g2-books/internal/storage/memstorage.go:32.32,33.31 1 0
github.com/Dorrrke/g2-books/internal/storage/memstorage.go:33.31,35.5 1 0
github.com/Dorrrke/g2-books/internal/storage/memstorage.go:36.4,36.19 1 0
github.com/Dorrrke/g2-books/internal/storage/memstorage.go:39.2,39.28 1 0
github.com/Dorrrke/g2-books/internal/storage/memstorage.go:42.57,44.38 2 0
github.com/Dorrrke/g2-books/internal/storage/memstorage.go:44.38,48.3 3 0
github.com/Dorrrke/g2-books/internal/storage/memstorage.go:49.2,49.21 1 0
github.com/Dorrrke/g2-books/internal/storage/memstorage.go:49.21,51.3 1 0
github.com/Dorrrke/g2-books/internal/storage/memstorage.go:52.2,52.19 1 0
github.com/Dorrrke/g2-books/internal/storage/memstorage.go:55.68,57.34 2 0
github.com/Dorrrke/g2-books/internal/storage/memstorage.go:57.34,59.3 1 0
github.com/Dorrrke/g2-books/internal/storage/memstorage.go:60.2,61.9 2 0
github.com/Dorrrke/g2-books/internal/storage/memstorage.go:61.9,63.3 1 0
github.com/Dorrrke/g2-books/internal/storage/memstorage.go:64.2,64.18 1 0
github.com/Dorrrke/g2-books/internal/storage/memstorage.go:67.56,71.2 3 0
github.com/Dorrrke/g2-books/internal/storage/memstorage.go:73.52,75.9 2 0
github.com/Dorrrke/g2-books/internal/storage/memstorage.go:75.9,77.3 1 0
github.com/Dorrrke/g2-books/internal/storage/memstorage.go:78.2,79.12 2 0
github.com/Dorrrke/g2-books/internal/storage/repostory.go:29.71,31.16 2 0
github.com/Dorrrke/g2-books/internal/storage/repostory.go:31.16,33.3 1 0
github.com/Dorrrke/g2-books/internal/storage/repostory.go:34.2,36.8 1 0
github.com/Dorrrke/g2-books/internal/storage/repostory.go:39.65,45.16 5 0
github.com/Dorrrke/g2-books/internal/storage/repostory.go:45.16,47.3 1 0
github.com/Dorrrke/g2-books/internal/storage/repostory.go:48.2,48.17 1 0
github.com/Dorrrke/g2-books/internal/storage/repostory.go:51.77,57.46 6 0
github.com/Dorrrke/g2-books/internal/storage/repostory.go:57.46,59.3 1 0
github.com/Dorrrke/g2-books/internal/storage/repostory.go:60.2,60.23 1 0
github.com/Dorrrke/g2-books/internal/storage/repostory.go:63.56,67.16 4 0
github.com/Dorrrke/g2-books/internal/storage/repostory.go:67.16,69.3 1 0
github.com/Dorrrke/g2-books/internal/storage/repostory.go:70.2,71.18 2 0
github.com/Dorrrke/g2-books/internal/storage/repostory.go:71.18,73.98 2 0
github.com/Dorrrke/g2-books/internal/storage/repostory.go:73.98,75.4 1 0
github.com/Dorrrke/g2-books/internal/storage/repostory.go:76.3,76.30 1 0
github.com/Dorrrke/g2-books/internal/storage/repostory.go:78.2,78.21 1 0
github.com/Dorrrke/g2-books/internal/storage/repostory.go:78.21,80.3 1 0
github.com/Dorrrke/g2-books/internal/storage/repostory.go:81.2,81.19 1 0
github.com/Dorrrke/g2-books/internal/storage/repostory.go:84.70,88.16 4 0
github.com/Dorrrke/g2-books/internal/storage/repostory.go:88.16,90.3 1 0
github.com/Dorrrke/g2-books/internal/storage/repostory.go:91.2,92.18 2 0
github.com/Dorrrke/g2-books/internal/storage/repostory.go:92.18,94.98 2 0
github.com/Dorrrke/g2-books/internal/storage/repostory.go:94.98,96.4 1 0
github.com/Dorrrke/g2-books/internal/storage/repostory.go:97.3,97.30 1 0
github.com/Dorrrke/g2-books/internal/storage/repostory.go:99.2,99.21 1 0
github.com/Dorrrke/g2-books/internal/storage/repostory.go:99.21,101.3 1 0
github.com/Dorrrke/g2-books/internal/storage/repostory.go:102.2,102.19 1 0
github.com/Dorrrke/g2-books/internal/storage/repostory.go:105.67,110.74 5 0
github.com/Dorrrke/g2-books/internal/storage/repostory.go:110.74,111.36 1 0
github.com/Dorrrke/g2-books/internal/storage/repostory.go:111.36,113.4 1 0
github.com/Dorrrke/g2-books/internal/storage/repostory.go:114.3,114.28 1 0
github.com/Dorrrke/g2-books/internal/storage/repostory.go:116.2,116.17 1 0
github.com/Dorrrke/g2-books/internal/storage/repostory.go:116.17,118.3 1 0
github.com/Dorrrke/g2-books/internal/storage/repostory.go:119.2,119.18 1 0
github.com/Dorrrke/g2-books/internal/storage/repostory.go:122.55,127.16 4 0
github.com/Dorrrke/g2-books/internal/storage/repostory.go:127.16,129.3 1 0
github.com/Dorrrke/g2-books/internal/storage/repostory.go:130.2,130.12 1 0
github.com/Dorrrke/g2-books/internal/storage/repostory.go:133.51,137.16 4 0
github.com/Dorrrke/g2-books/internal/storage/repostory.go:137.16,139.3 1 0
github.com/Dorrrke/g2-books/internal/storage/repostory.go:140.2,142.107 2 0
github.com/Dorrrke/g2-books/internal/storage/repostory.go:142.107,144.3 1 0
github.com/Dorrrke/g2-books/internal/storage/repostory.go:145.2,145.59 1 0
github.com/Dorrrke/g2-books/internal/storage/repostory.go:145.59,147.3 1 0
github.com/Dorrrke/g2-books/internal/storage/repostory.go:148.2,148.23 1 0
github.com/Dorrrke/g2-books/internal/storage/repostory.go:151.42,156.16 5 0
github.com/Dorrrke/g2-books/internal/storage/repostory.go:156.16,159.3 2 0
github.com/Dorrrke/g2-books/internal/storage/repostory.go:160.2,160.12 1 0
github.com/Dorrrke/g2-books/internal/storage/repostory.go:163.53,166.16 3 0
github.com/Dorrrke/g2-books/internal/storage/repostory.go:166.16,168.3 1 0
github.com/Dorrrke/g2-books/internal/storage/repostory.go:169.2,169.30 1 0
github.com/Dorrrke/g2-books/internal/storage/repostory.go:169.30,170.42 1 0
github.com/Dorrrke/g2-books/internal/storage/repostory.go:170.42,173.4 2 0
github.com/Dorrrke/g2-books/internal/storage/repostory.go:174.3,174.13 1 0
github.com/Dorrrke/g2-books/internal/storage/repostory.go:176.2,177.12 2 0
github.com/Dorrrke/g2-books/moks/mock_storage.go:26.59,30.2 3 1
github.com/Dorrrke/g2-books/moks/mock_storage.go:33.57,35.2 1 1
github.com/Dorrrke/g2-books/moks/mock_storage.go:38.53,43.2 4 0
github.com/Dorrrke/g2-books/moks/mock_storage.go:46.78,49.2 2 0
github.com/Dorrrke/g2-books/moks/mock_storage.go:52.43,57.2 4 1
github.com/Dorrrke/g2-books/moks/mock_storage.go:60.63,63.2 2 1
github.com/Dorrrke/g2-books/moks/mock_storage.go:66.69,72.2 5 0
github.com/Dorrrke/g2-books/moks/mock_storage.go:75.79,78.2 2 0
github.com/Dorrrke/g2-books/moks/mock_storage.go:81.72,87.2 5 0
github.com/Dorrrke/g2-books/moks/mock_storage.go:90.80,93.2 2 0
github.com/Dorrrke/g2-books/moks/mock_storage.go:96.57,102.2 5 1
github.com/Dorrrke/g2-books/moks/mock_storage.go:105.60,108.2 2 1
github.com/Dorrrke/g2-books/moks/mock_storage.go:111.56,116.2 4 0
github.com/Dorrrke/g2-books/moks/mock_storage.go:119.76,122.2 2 0
github.com/Dorrrke/g2-books/moks/mock_storage.go:125.66,131.2 5 1
github.com/Dorrrke/g2-books/moks/mock_storage.go:134.76,137.2 2 1
github.com/Dorrrke/g2-books/moks/mock_storage.go:140.78,147.2 6 1
github.com/Dorrrke/g2-books/moks/mock_storage.go:150.80,153.2 2 1
